2020-07-03 00:21:14,418 INFO 8068 [egg-schedule]: register schedule /home/wen/resource/works/nodejs/personal-blog-site/blog-api-built-with-egg/node_modules/egg-multipart/app/schedule/clean_tmpdir.js
2020-07-03 00:21:14,418 INFO 8068 [egg-schedule]: register schedule /home/wen/resource/works/nodejs/personal-blog-site/blog-api-built-with-egg/node_modules/egg-logrotator/app/schedule/clean_log.js
2020-07-03 00:21:14,418 INFO 8068 [egg-schedule]: register schedule /home/wen/resource/works/nodejs/personal-blog-site/blog-api-built-with-egg/node_modules/egg-logrotator/app/schedule/rotate_by_file.js
2020-07-03 00:45:04,366 INFO 9231 [Timer] /home/wen/resource/works/nodejs/personal-blog-site/blog-api-built-with-egg/node_modules/egg-multipart/app/schedule/clean_tmpdir.js next time will execute after 13495637ms at 2020-07-03 04:30:00.003
2020-07-03 00:45:04,367 INFO 9231 [Timer] /home/wen/resource/works/nodejs/personal-blog-site/blog-api-built-with-egg/node_modules/egg-logrotator/app/schedule/clean_log.js next time will execute after 83695633ms at 2020-07-04 00:00:00.000
2020-07-03 00:45:04,368 INFO 9231 [Timer] /home/wen/resource/works/nodejs/personal-blog-site/blog-api-built-with-egg/node_modules/egg-logrotator/app/schedule/rotate_by_file.js next time will execute after 83696633ms at 2020-07-04 00:00:01.001
2020-07-03 00:45:04,283 INFO 9242 [egg-schedule]: register schedule /home/wen/resource/works/nodejs/personal-blog-site/blog-api-built-with-egg/node_modules/egg-multipart/app/schedule/clean_tmpdir.js
2020-07-03 00:45:04,283 INFO 9242 [egg-schedule]: register schedule /home/wen/resource/works/nodejs/personal-blog-site/blog-api-built-with-egg/node_modules/egg-logrotator/app/schedule/clean_log.js
2020-07-03 00:45:04,283 INFO 9242 [egg-schedule]: register schedule /home/wen/resource/works/nodejs/personal-blog-site/blog-api-built-with-egg/node_modules/egg-logrotator/app/schedule/rotate_by_file.js
2020-07-03 00:50:43,088 INFO 9417 [egg-schedule]: register schedule /home/wen/resource/works/nodejs/personal-blog-site/blog-api-built-with-egg/node_modules/egg-multipart/app/schedule/clean_tmpdir.js
2020-07-03 00:50:43,088 INFO 9417 [egg-schedule]: register schedule /home/wen/resource/works/nodejs/personal-blog-site/blog-api-built-with-egg/node_modules/egg-logrotator/app/schedule/clean_log.js
2020-07-03 00:50:43,088 INFO 9417 [egg-schedule]: register schedule /home/wen/resource/works/nodejs/personal-blog-site/blog-api-built-with-egg/node_modules/egg-logrotator/app/schedule/rotate_by_file.js
2020-07-03 00:50:44,470 INFO 9449 [egg-schedule]: register schedule /home/wen/resource/works/nodejs/personal-blog-site/blog-api-built-with-egg/node_modules/egg-multipart/app/schedule/clean_tmpdir.js
2020-07-03 00:50:44,470 INFO 9449 [egg-schedule]: register schedule /home/wen/resource/works/nodejs/personal-blog-site/blog-api-built-with-egg/node_modules/egg-logrotator/app/schedule/clean_log.js
2020-07-03 00:50:44,470 INFO 9449 [egg-schedule]: register schedule /home/wen/resource/works/nodejs/personal-blog-site/blog-api-built-with-egg/node_modules/egg-logrotator/app/schedule/rotate_by_file.js
2020-07-03 00:51:42,501 INFO 9489 [egg-schedule]: register schedule /home/wen/resource/works/nodejs/personal-blog-site/blog-api-built-with-egg/node_modules/egg-multipart/app/schedule/clean_tmpdir.js
2020-07-03 00:51:42,501 INFO 9489 [egg-schedule]: register schedule /home/wen/resource/works/nodejs/personal-blog-site/blog-api-built-with-egg/node_modules/egg-logrotator/app/schedule/clean_log.js
2020-07-03 00:51:42,501 INFO 9489 [egg-schedule]: register schedule /home/wen/resource/works/nodejs/personal-blog-site/blog-api-built-with-egg/node_modules/egg-logrotator/app/schedule/rotate_by_file.js
2020-07-03 00:51:47,482 INFO 9509 [egg-schedule]: register schedule /home/wen/resource/works/nodejs/personal-blog-site/blog-api-built-with-egg/node_modules/egg-multipart/app/schedule/clean_tmpdir.js
2020-07-03 00:51:47,482 INFO 9509 [egg-schedule]: register schedule /home/wen/resource/works/nodejs/personal-blog-site/blog-api-built-with-egg/node_modules/egg-logrotator/app/schedule/clean_log.js
2020-07-03 00:51:47,482 INFO 9509 [egg-schedule]: register schedule /home/wen/resource/works/nodejs/personal-blog-site/blog-api-built-with-egg/node_modules/egg-logrotator/app/schedule/rotate_by_file.js
2020-07-03 00:51:51,706 INFO 9530 [egg-schedule]: register schedule /home/wen/resource/works/nodejs/personal-blog-site/blog-api-built-with-egg/node_modules/egg-multipart/app/schedule/clean_tmpdir.js
2020-07-03 00:51:51,707 INFO 9530 [egg-schedule]: register schedule /home/wen/resource/works/nodejs/personal-blog-site/blog-api-built-with-egg/node_modules/egg-logrotator/app/schedule/clean_log.js
2020-07-03 00:51:51,707 INFO 9530 [egg-schedule]: register schedule /home/wen/resource/works/nodejs/personal-blog-site/blog-api-built-with-egg/node_modules/egg-logrotator/app/schedule/rotate_by_file.js
2020-07-03 00:54:08,990 INFO 9602 [egg-schedule]: register schedule /home/wen/resource/works/nodejs/personal-blog-site/blog-api-built-with-egg/node_modules/egg-multipart/app/schedule/clean_tmpdir.js
2020-07-03 00:54:08,990 INFO 9602 [egg-schedule]: register schedule /home/wen/resource/works/nodejs/personal-blog-site/blog-api-built-with-egg/node_modules/egg-logrotator/app/schedule/clean_log.js
2020-07-03 00:54:08,990 INFO 9602 [egg-schedule]: register schedule /home/wen/resource/works/nodejs/personal-blog-site/blog-api-built-with-egg/node_modules/egg-logrotator/app/schedule/rotate_by_file.js
2020-07-03 00:54:11,913 INFO 9622 [egg-schedule]: register schedule /home/wen/resource/works/nodejs/personal-blog-site/blog-api-built-with-egg/node_modules/egg-multipart/app/schedule/clean_tmpdir.js
2020-07-03 00:54:11,913 INFO 9622 [egg-schedule]: register schedule /home/wen/resource/works/nodejs/personal-blog-site/blog-api-built-with-egg/node_modules/egg-logrotator/app/schedule/clean_log.js
2020-07-03 00:54:11,913 INFO 9622 [egg-schedule]: register schedule /home/wen/resource/works/nodejs/personal-blog-site/blog-api-built-with-egg/node_modules/egg-logrotator/app/schedule/rotate_by_file.js
2020-07-03 01:04:49,680 INFO 9933 [egg-schedule]: register schedule /home/wen/resource/works/nodejs/personal-blog-site/blog-api-built-with-egg/node_modules/egg-multipart/app/schedule/clean_tmpdir.js
2020-07-03 01:04:49,680 INFO 9933 [egg-schedule]: register schedule /home/wen/resource/works/nodejs/personal-blog-site/blog-api-built-with-egg/node_modules/egg-logrotator/app/schedule/clean_log.js
2020-07-03 01:04:49,680 INFO 9933 [egg-schedule]: register schedule /home/wen/resource/works/nodejs/personal-blog-site/blog-api-built-with-egg/node_modules/egg-logrotator/app/schedule/rotate_by_file.js
2020-07-03 01:05:39,531 INFO 9964 [egg-schedule]: register schedule /home/wen/resource/works/nodejs/personal-blog-site/blog-api-built-with-egg/node_modules/egg-multipart/app/schedule/clean_tmpdir.js
2020-07-03 01:05:39,531 INFO 9964 [egg-schedule]: register schedule /home/wen/resource/works/nodejs/personal-blog-site/blog-api-built-with-egg/node_modules/egg-logrotator/app/schedule/clean_log.js
2020-07-03 01:05:39,531 INFO 9964 [egg-schedule]: register schedule /home/wen/resource/works/nodejs/personal-blog-site/blog-api-built-with-egg/node_modules/egg-logrotator/app/schedule/rotate_by_file.js
2020-07-03 01:06:14,176 INFO 9991 [egg-schedule]: register schedule /home/wen/resource/works/nodejs/personal-blog-site/blog-api-built-with-egg/node_modules/egg-multipart/app/schedule/clean_tmpdir.js
2020-07-03 01:06:14,176 INFO 9991 [egg-schedule]: register schedule /home/wen/resource/works/nodejs/personal-blog-site/blog-api-built-with-egg/node_modules/egg-logrotator/app/schedule/clean_log.js
2020-07-03 01:06:14,176 INFO 9991 [egg-schedule]: register schedule /home/wen/resource/works/nodejs/personal-blog-site/blog-api-built-with-egg/node_modules/egg-logrotator/app/schedule/rotate_by_file.js
2020-07-03 01:06:33,397 INFO 10014 [egg-schedule]: register schedule /home/wen/resource/works/nodejs/personal-blog-site/blog-api-built-with-egg/node_modules/egg-multipart/app/schedule/clean_tmpdir.js
2020-07-03 01:06:33,397 INFO 10014 [egg-schedule]: register schedule /home/wen/resource/works/nodejs/personal-blog-site/blog-api-built-with-egg/node_modules/egg-logrotator/app/schedule/clean_log.js
2020-07-03 01:06:33,397 INFO 10014 [egg-schedule]: register schedule /home/wen/resource/works/nodejs/personal-blog-site/blog-api-built-with-egg/node_modules/egg-logrotator/app/schedule/rotate_by_file.js
2020-07-03 01:07:28,140 INFO 10041 [egg-schedule]: register schedule /home/wen/resource/works/nodejs/personal-blog-site/blog-api-built-with-egg/node_modules/egg-multipart/app/schedule/clean_tmpdir.js
2020-07-03 01:07:28,140 INFO 10041 [egg-schedule]: register schedule /home/wen/resource/works/nodejs/personal-blog-site/blog-api-built-with-egg/node_modules/egg-logrotator/app/schedule/clean_log.js
2020-07-03 01:07:28,140 INFO 10041 [egg-schedule]: register schedule /home/wen/resource/works/nodejs/personal-blog-site/blog-api-built-with-egg/node_modules/egg-logrotator/app/schedule/rotate_by_file.js
2020-07-03 01:08:47,740 INFO 10155 [egg-schedule]: register schedule /home/wen/resource/works/nodejs/personal-blog-site/blog-api-built-with-egg/node_modules/egg-multipart/app/schedule/clean_tmpdir.js
2020-07-03 01:08:47,740 INFO 10155 [egg-schedule]: register schedule /home/wen/resource/works/nodejs/personal-blog-site/blog-api-built-with-egg/node_modules/egg-logrotator/app/schedule/clean_log.js
2020-07-03 01:08:47,740 INFO 10155 [egg-schedule]: register schedule /home/wen/resource/works/nodejs/personal-blog-site/blog-api-built-with-egg/node_modules/egg-logrotator/app/schedule/rotate_by_file.js
2020-07-03 01:09:07,610 INFO 10177 [egg-schedule]: register schedule /home/wen/resource/works/nodejs/personal-blog-site/blog-api-built-with-egg/node_modules/egg-multipart/app/schedule/clean_tmpdir.js
2020-07-03 01:09:07,610 INFO 10177 [egg-schedule]: register schedule /home/wen/resource/works/nodejs/personal-blog-site/blog-api-built-with-egg/node_modules/egg-logrotator/app/schedule/clean_log.js
2020-07-03 01:09:07,610 INFO 10177 [egg-schedule]: register schedule /home/wen/resource/works/nodejs/personal-blog-site/blog-api-built-with-egg/node_modules/egg-logrotator/app/schedule/rotate_by_file.js
2020-07-03 01:09:11,292 INFO 10197 [egg-schedule]: register schedule /home/wen/resource/works/nodejs/personal-blog-site/blog-api-built-with-egg/node_modules/egg-multipart/app/schedule/clean_tmpdir.js
2020-07-03 01:09:11,292 INFO 10197 [egg-schedule]: register schedule /home/wen/resource/works/nodejs/personal-blog-site/blog-api-built-with-egg/node_modules/egg-logrotator/app/schedule/clean_log.js
2020-07-03 01:09:11,292 INFO 10197 [egg-schedule]: register schedule /home/wen/resource/works/nodejs/personal-blog-site/blog-api-built-with-egg/node_modules/egg-logrotator/app/schedule/rotate_by_file.js
2020-07-03 01:14:06,329 INFO 10256 [egg-schedule]: register schedule /home/wen/resource/works/nodejs/personal-blog-site/blog-api-built-with-egg/node_modules/egg-multipart/app/schedule/clean_tmpdir.js
2020-07-03 01:14:06,329 INFO 10256 [egg-schedule]: register schedule /home/wen/resource/works/nodejs/personal-blog-site/blog-api-built-with-egg/node_modules/egg-logrotator/app/schedule/clean_log.js
2020-07-03 01:14:06,329 INFO 10256 [egg-schedule]: register schedule /home/wen/resource/works/nodejs/personal-blog-site/blog-api-built-with-egg/node_modules/egg-logrotator/app/schedule/rotate_by_file.js
2020-07-03 01:14:07,126 INFO 10267 [egg-schedule]: register schedule /home/wen/resource/works/nodejs/personal-blog-site/blog-api-built-with-egg/node_modules/egg-multipart/app/schedule/clean_tmpdir.js
2020-07-03 01:14:07,126 INFO 10267 [egg-schedule]: register schedule /home/wen/resource/works/nodejs/personal-blog-site/blog-api-built-with-egg/node_modules/egg-logrotator/app/schedule/clean_log.js
2020-07-03 01:14:07,126 INFO 10267 [egg-schedule]: register schedule /home/wen/resource/works/nodejs/personal-blog-site/blog-api-built-with-egg/node_modules/egg-logrotator/app/schedule/rotate_by_file.js
2020-07-03 01:14:13,738 INFO 10287 [egg-schedule]: register schedule /home/wen/resource/works/nodejs/personal-blog-site/blog-api-built-with-egg/node_modules/egg-multipart/app/schedule/clean_tmpdir.js
2020-07-03 01:14:13,738 INFO 10287 [egg-schedule]: register schedule /home/wen/resource/works/nodejs/personal-blog-site/blog-api-built-with-egg/node_modules/egg-logrotator/app/schedule/clean_log.js
2020-07-03 01:14:13,738 INFO 10287 [egg-schedule]: register schedule /home/wen/resource/works/nodejs/personal-blog-site/blog-api-built-with-egg/node_modules/egg-logrotator/app/schedule/rotate_by_file.js
2020-07-03 01:14:33,074 INFO 10309 [egg-schedule]: register schedule /home/wen/resource/works/nodejs/personal-blog-site/blog-api-built-with-egg/node_modules/egg-multipart/app/schedule/clean_tmpdir.js
2020-07-03 01:14:33,075 INFO 10309 [egg-schedule]: register schedule /home/wen/resource/works/nodejs/personal-blog-site/blog-api-built-with-egg/node_modules/egg-logrotator/app/schedule/clean_log.js
2020-07-03 01:14:33,075 INFO 10309 [egg-schedule]: register schedule /home/wen/resource/works/nodejs/personal-blog-site/blog-api-built-with-egg/node_modules/egg-logrotator/app/schedule/rotate_by_file.js
2020-07-03 01:14:56,477 INFO 10373 [egg-schedule]: register schedule /home/wen/resource/works/nodejs/personal-blog-site/blog-api-built-with-egg/node_modules/egg-multipart/app/schedule/clean_tmpdir.js
2020-07-03 01:14:56,477 INFO 10373 [egg-schedule]: register schedule /home/wen/resource/works/nodejs/personal-blog-site/blog-api-built-with-egg/node_modules/egg-logrotator/app/schedule/clean_log.js
2020-07-03 01:14:56,477 INFO 10373 [egg-schedule]: register schedule /home/wen/resource/works/nodejs/personal-blog-site/blog-api-built-with-egg/node_modules/egg-logrotator/app/schedule/rotate_by_file.js
2020-07-03 01:14:56,575 INFO 10361 [Timer] /home/wen/resource/works/nodejs/personal-blog-site/blog-api-built-with-egg/node_modules/egg-multipart/app/schedule/clean_tmpdir.js next time will execute after 11703430ms at 2020-07-03 04:30:00.005
2020-07-03 01:14:56,576 INFO 10361 [Timer] /home/wen/resource/works/nodejs/personal-blog-site/blog-api-built-with-egg/node_modules/egg-logrotator/app/schedule/clean_log.js next time will execute after 81903425ms at 2020-07-04 00:00:00.001
2020-07-03 01:14:56,577 INFO 10361 [Timer] /home/wen/resource/works/nodejs/personal-blog-site/blog-api-built-with-egg/node_modules/egg-logrotator/app/schedule/rotate_by_file.js next time will execute after 81904424ms at 2020-07-04 00:00:01.001
2020-07-03 01:15:55,291 INFO 10434 [egg-schedule]: register schedule /home/wen/resource/works/nodejs/personal-blog-site/blog-api-built-with-egg/node_modules/egg-multipart/app/schedule/clean_tmpdir.js
2020-07-03 01:15:55,292 INFO 10434 [egg-schedule]: register schedule /home/wen/resource/works/nodejs/personal-blog-site/blog-api-built-with-egg/node_modules/egg-logrotator/app/schedule/clean_log.js
2020-07-03 01:15:55,292 INFO 10434 [egg-schedule]: register schedule /home/wen/resource/works/nodejs/personal-blog-site/blog-api-built-with-egg/node_modules/egg-logrotator/app/schedule/rotate_by_file.js
2020-07-03 01:16:00,799 INFO 10454 [egg-schedule]: register schedule /home/wen/resource/works/nodejs/personal-blog-site/blog-api-built-with-egg/node_modules/egg-multipart/app/schedule/clean_tmpdir.js
2020-07-03 01:16:00,800 INFO 10454 [egg-schedule]: register schedule /home/wen/resource/works/nodejs/personal-blog-site/blog-api-built-with-egg/node_modules/egg-logrotator/app/schedule/clean_log.js
2020-07-03 01:16:00,800 INFO 10454 [egg-schedule]: register schedule /home/wen/resource/works/nodejs/personal-blog-site/blog-api-built-with-egg/node_modules/egg-logrotator/app/schedule/rotate_by_file.js
