[info]--{"name":"req_start","desc":"","data":{"method":"GET","url":"/api/user/info","ua":"Mozilla/5.0 (X11; Linux x86_64) AppleWebKit/537.36 (KHTML, like Gecko) Chrome/81.0.4044.138 Safari/537.36"}}--[2020-06-07 21:48:10]
[info]--{"name":"req_start","desc":"","data":{"method":"GET","url":"/api/blog/list?username=zhangsan","ua":"Mozilla/5.0 (X11; Linux x86_64) AppleWebKit/537.36 (KHTML, like Gecko) Chrome/81.0.4044.138 Safari/537.36"}}--[2020-06-07 21:48:11]
[info]--{"name":"req_start","desc":"","data":{"method":"POST","url":"/api/user/login","ua":"Mozilla/5.0 (X11; Linux x86_64) AppleWebKit/537.36 (KHTML, like Gecko) Chrome/81.0.4044.138 Safari/537.36"}}--[2020-06-07 21:48:32]
[info]--{"name":"req_start","desc":"","data":{"method":"POST","url":"/api/user/login","ua":"Mozilla/5.0 (X11; Linux x86_64) AppleWebKit/537.36 (KHTML, like Gecko) Chrome/81.0.4044.138 Safari/537.36"}}--[2020-06-07 21:57:15]
[info]--{"name":"req_start","desc":"","data":{"method":"GET","url":"/api/user/info","ua":"Mozilla/5.0 (X11; Linux x86_64) AppleWebKit/537.36 (KHTML, like Gecko) Chrome/81.0.4044.138 Safari/537.36"}}--[2020-06-07 21:57:16]
[info]--{"name":"req_start","desc":"","data":{"method":"GET","url":"/api/blog/list","ua":"Mozilla/5.0 (X11; Linux x86_64) AppleWebKit/537.36 (KHTML, like Gecko) Chrome/81.0.4044.138 Safari/537.36"}}--[2020-06-07 21:57:16]
[info]--{"name":"req_start","desc":"","data":{"method":"GET","url":"/api/user/info","ua":"Mozilla/5.0 (X11; Linux x86_64) AppleWebKit/537.36 (KHTML, like Gecko) Chrome/81.0.4044.138 Safari/537.36"}}--[2020-06-07 23:17:08]
[info]--{"name":"req_start","desc":"","data":{"method":"GET","url":"/api/blog/list","ua":"Mozilla/5.0 (X11; Linux x86_64) AppleWebKit/537.36 (KHTML, like Gecko) Chrome/81.0.4044.138 Safari/537.36"}}--[2020-06-07 23:17:08]
[info]--{"name":"req_start","desc":"","data":{"method":"POST","url":"/api/user/login","ua":"Mozilla/5.0 (X11; Linux x86_64) AppleWebKit/537.36 (KHTML, like Gecko) Chrome/81.0.4044.138 Safari/537.36"}}--[2020-06-07 23:17:48]
[info]--{"name":"req_start","desc":"","data":{"method":"POST","url":"/api/user/login","ua":"Mozilla/5.0 (X11; Linux x86_64) AppleWebKit/537.36 (KHTML, like Gecko) Chrome/81.0.4044.138 Safari/537.36"}}--[2020-06-07 23:18:18]
[info]--{"name":"req_start","desc":"","data":{"method":"GET","url":"/api/user/info","ua":"Mozilla/5.0 (X11; Linux x86_64) AppleWebKit/537.36 (KHTML, like Gecko) Chrome/81.0.4044.138 Safari/537.36"}}--[2020-06-07 23:18:18]
[info]--{"name":"req_start","desc":"","data":{"method":"GET","url":"/api/blog/list","ua":"Mozilla/5.0 (X11; Linux x86_64) AppleWebKit/537.36 (KHTML, like Gecko) Chrome/81.0.4044.138 Safari/537.36"}}--[2020-06-07 23:18:18]
[info]--{"name":"req_start","desc":"","data":{"method":"GET","url":"/api/user/info","ua":"Mozilla/5.0 (X11; Linux x86_64) AppleWebKit/537.36 (KHTML, like Gecko) Chrome/81.0.4044.138 Safari/537.36"}}--[2020-06-07 23:21:18]
[info]--{"name":"req_start","desc":"","data":{"method":"GET","url":"/api/blog/list","ua":"Mozilla/5.0 (X11; Linux x86_64) AppleWebKit/537.36 (KHTML, like Gecko) Chrome/81.0.4044.138 Safari/537.36"}}--[2020-06-07 23:21:18]
[info]--{"name":"req_start","desc":"","data":{"method":"POST","url":"/api/user/login","ua":"Mozilla/5.0 (X11; Linux x86_64) AppleWebKit/537.36 (KHTML, like Gecko) Chrome/81.0.4044.138 Safari/537.36"}}--[2020-06-07 23:22:22]
[info]--{"name":"req_start","desc":"","data":{"method":"POST","url":"/api/user/login","ua":"Mozilla/5.0 (X11; Linux x86_64) AppleWebKit/537.36 (KHTML, like Gecko) Chrome/81.0.4044.138 Safari/537.36"}}--[2020-06-07 23:22:37]
[info]--{"name":"req_start","desc":"","data":{"method":"GET","url":"/api/user/info","ua":"Mozilla/5.0 (X11; Linux x86_64) AppleWebKit/537.36 (KHTML, like Gecko) Chrome/81.0.4044.138 Safari/537.36"}}--[2020-06-07 23:22:38]
[info]--{"name":"req_start","desc":"","data":{"method":"GET","url":"/api/blog/list","ua":"Mozilla/5.0 (X11; Linux x86_64) AppleWebKit/537.36 (KHTML, like Gecko) Chrome/81.0.4044.138 Safari/537.36"}}--[2020-06-07 23:22:38]
[info]--{"name":"req_start","desc":"","data":{"method":"GET","url":"/api/user/info","ua":"Mozilla/5.0 (X11; Linux x86_64) AppleWebKit/537.36 (KHTML, like Gecko) Chrome/81.0.4044.138 Safari/537.36"}}--[2020-06-07 23:23:41]
[info]--{"name":"req_start","desc":"","data":{"method":"GET","url":"/api/blog/list","ua":"Mozilla/5.0 (X11; Linux x86_64) AppleWebKit/537.36 (KHTML, like Gecko) Chrome/81.0.4044.138 Safari/537.36"}}--[2020-06-07 23:23:41]
[info]--{"name":"req_start","desc":"","data":{"method":"GET","url":"/api/user/info","ua":"Mozilla/5.0 (X11; Linux x86_64) AppleWebKit/537.36 (KHTML, like Gecko) Chrome/81.0.4044.138 Safari/537.36"}}--[2020-06-07 23:28:01]
[info]--{"name":"req_start","desc":"","data":{"method":"GET","url":"/api/blog/detail?id=1","ua":"Mozilla/5.0 (X11; Linux x86_64) AppleWebKit/537.36 (KHTML, like Gecko) Chrome/81.0.4044.138 Safari/537.36"}}--[2020-06-07 23:28:01]
[info]--{"name":"req_start","desc":"","data":{"method":"GET","url":"/api/user/info","ua":"Mozilla/5.0 (X11; Linux x86_64) AppleWebKit/537.36 (KHTML, like Gecko) Chrome/81.0.4044.138 Safari/537.36"}}--[2020-06-07 23:28:07]
[info]--{"name":"req_start","desc":"","data":{"method":"GET","url":"/api/blog/detail?id=1","ua":"Mozilla/5.0 (X11; Linux x86_64) AppleWebKit/537.36 (KHTML, like Gecko) Chrome/81.0.4044.138 Safari/537.36"}}--[2020-06-07 23:28:07]
[info]--{"name":"req_start","desc":"","data":{"method":"POST","url":"/api/blog/update?id=1","ua":"Mozilla/5.0 (X11; Linux x86_64) AppleWebKit/537.36 (KHTML, like Gecko) Chrome/81.0.4044.138 Safari/537.36"}}--[2020-06-07 23:28:13]
[info]--{"name":"req_start","desc":"","data":{"method":"GET","url":"/api/user/info","ua":"Mozilla/5.0 (X11; Linux x86_64) AppleWebKit/537.36 (KHTML, like Gecko) Chrome/81.0.4044.138 Safari/537.36"}}--[2020-06-07 23:28:16]
[info]--{"name":"req_start","desc":"","data":{"method":"GET","url":"/api/blog/detail?id=1","ua":"Mozilla/5.0 (X11; Linux x86_64) AppleWebKit/537.36 (KHTML, like Gecko) Chrome/81.0.4044.138 Safari/537.36"}}--[2020-06-07 23:28:16]
