[info]--{"name":"req_start","desc":"","data":{"method":"POST","url":"/api/user/login","ua":"Mozilla/5.0 (X11; Linux x86_64) AppleWebKit/537.36 (KHTML, like Gecko) Chrome/81.0.4044.138 Safari/537.36"}}--[2020-06-06 17:10:26]
[info]--{"name":"req_start","desc":"","data":{"method":"GET","url":"/api/user/info","ua":"Mozilla/5.0 (X11; Linux x86_64) AppleWebKit/537.36 (KHTML, like Gecko) Chrome/81.0.4044.138 Safari/537.36"}}--[2020-06-06 17:10:27]
[info]--{"name":"req_start","desc":"","data":{"method":"GET","url":"/api/blog/list","ua":"Mozilla/5.0 (X11; Linux x86_64) AppleWebKit/537.36 (KHTML, like Gecko) Chrome/81.0.4044.138 Safari/537.36"}}--[2020-06-06 17:10:27]
[info]--{"name":"req_start","desc":"","data":{"method":"GET","url":"/api/user/info","ua":"Mozilla/5.0 (X11; Linux x86_64) AppleWebKit/537.36 (KHTML, like Gecko) Chrome/81.0.4044.138 Safari/537.36"}}--[2020-06-06 17:11:26]
[info]--{"name":"req_start","desc":"","data":{"method":"GET","url":"/api/blog/detail?id=4","ua":"Mozilla/5.0 (X11; Linux x86_64) AppleWebKit/537.36 (KHTML, like Gecko) Chrome/81.0.4044.138 Safari/537.36"}}--[2020-06-06 17:11:26]
[info]--{"name":"req_start","desc":"","data":{"method":"GET","url":"/api/user/info","ua":"Mozilla/5.0 (X11; Linux x86_64) AppleWebKit/537.36 (KHTML, like Gecko) Chrome/81.0.4044.138 Safari/537.36"}}--[2020-06-06 17:19:30]
[info]--{"name":"req_start","desc":"","data":{"method":"GET","url":"/api/blog/list?username=zhangsan","ua":"Mozilla/5.0 (X11; Linux x86_64) AppleWebKit/537.36 (KHTML, like Gecko) Chrome/81.0.4044.138 Safari/537.36"}}--[2020-06-06 17:19:30]
[info]--{"name":"req_start","desc":"","data":{"method":"GET","url":"/api/user/info","ua":"Mozilla/5.0 (X11; Linux x86_64) AppleWebKit/537.36 (KHTML, like Gecko) Chrome/81.0.4044.138 Safari/537.36"}}--[2020-06-06 17:20:06]
[info]--{"name":"req_start","desc":"","data":{"method":"POST","url":"/api/blog/create","ua":"Mozilla/5.0 (X11; Linux x86_64) AppleWebKit/537.36 (KHTML, like Gecko) Chrome/81.0.4044.138 Safari/537.36"}}--[2020-06-06 17:22:17]
[info]--{"name":"req_start","desc":"","data":{"method":"POST","url":"/api/user/login","ua":"Mozilla/5.0 (X11; Linux x86_64) AppleWebKit/537.36 (KHTML, like Gecko) Chrome/81.0.4044.138 Safari/537.36"}}--[2020-06-06 17:24:39]
[info]--{"name":"req_start","desc":"","data":{"method":"GET","url":"/api/user/info","ua":"Mozilla/5.0 (X11; Linux x86_64) AppleWebKit/537.36 (KHTML, like Gecko) Chrome/81.0.4044.138 Safari/537.36"}}--[2020-06-06 17:24:39]
[info]--{"name":"req_start","desc":"","data":{"method":"GET","url":"/api/blog/list","ua":"Mozilla/5.0 (X11; Linux x86_64) AppleWebKit/537.36 (KHTML, like Gecko) Chrome/81.0.4044.138 Safari/537.36"}}--[2020-06-06 17:24:39]
[info]--{"name":"req_start","desc":"","data":{"method":"GET","url":"/api/user/info","ua":"Mozilla/5.0 (X11; Linux x86_64) AppleWebKit/537.36 (KHTML, like Gecko) Chrome/81.0.4044.138 Safari/537.36"}}--[2020-06-06 17:24:56]
[info]--{"name":"req_start","desc":"","data":{"method":"POST","url":"/api/blog/create","ua":"Mozilla/5.0 (X11; Linux x86_64) AppleWebKit/537.36 (KHTML, like Gecko) Chrome/81.0.4044.138 Safari/537.36"}}--[2020-06-06 17:25:46]
[info]--{"name":"req_start","desc":"","data":{"method":"GET","url":"/api/user/info","ua":"Mozilla/5.0 (X11; Linux x86_64) AppleWebKit/537.36 (KHTML, like Gecko) Chrome/81.0.4044.138 Safari/537.36"}}--[2020-06-06 17:25:49]
[info]--{"name":"req_start","desc":"","data":{"method":"GET","url":"/api/blog/list","ua":"Mozilla/5.0 (X11; Linux x86_64) AppleWebKit/537.36 (KHTML, like Gecko) Chrome/81.0.4044.138 Safari/537.36"}}--[2020-06-06 17:25:49]
[info]--{"name":"req_start","desc":"","data":{"method":"GET","url":"/api/user/info","ua":"Mozilla/5.0 (X11; Linux x86_64) AppleWebKit/537.36 (KHTML, like Gecko) Chrome/81.0.4044.138 Safari/537.36"}}--[2020-06-06 17:53:44]
[info]--{"name":"req_start","desc":"","data":{"method":"GET","url":"/api/blog/detail?id=3","ua":"Mozilla/5.0 (X11; Linux x86_64) AppleWebKit/537.36 (KHTML, like Gecko) Chrome/81.0.4044.138 Safari/537.36"}}--[2020-06-06 17:53:44]
[info]--{"name":"req_start","desc":"","data":{"method":"GET","url":"/api/user/info","ua":"Mozilla/5.0 (X11; Linux x86_64) AppleWebKit/537.36 (KHTML, like Gecko) Chrome/81.0.4044.138 Safari/537.36"}}--[2020-06-06 17:53:49]
[info]--{"name":"req_start","desc":"","data":{"method":"GET","url":"/api/blog/list?username=zhangsan","ua":"Mozilla/5.0 (X11; Linux x86_64) AppleWebKit/537.36 (KHTML, like Gecko) Chrome/81.0.4044.138 Safari/537.36"}}--[2020-06-06 17:53:49]
[info]--{"name":"req_start","desc":"","data":{"method":"GET","url":"/api/user/info","ua":"Mozilla/5.0 (X11; Linux x86_64) AppleWebKit/537.36 (KHTML, like Gecko) Chrome/81.0.4044.138 Safari/537.36"}}--[2020-06-06 17:53:52]
[info]--{"name":"req_start","desc":"","data":{"method":"POST","url":"/api/blog/create","ua":"Mozilla/5.0 (X11; Linux x86_64) AppleWebKit/537.36 (KHTML, like Gecko) Chrome/81.0.4044.138 Safari/537.36"}}--[2020-06-06 17:54:04]
[info]--{"name":"req_start","desc":"","data":{"method":"GET","url":"/api/user/info","ua":"Mozilla/5.0 (X11; Linux x86_64) AppleWebKit/537.36 (KHTML, like Gecko) Chrome/81.0.4044.138 Safari/537.36"}}--[2020-06-06 17:54:06]
[info]--{"name":"req_start","desc":"","data":{"method":"GET","url":"/api/blog/list?username=zhangsan","ua":"Mozilla/5.0 (X11; Linux x86_64) AppleWebKit/537.36 (KHTML, like Gecko) Chrome/81.0.4044.138 Safari/537.36"}}--[2020-06-06 17:54:06]
[info]--{"name":"req_start","desc":"","data":{"method":"GET","url":"/api/user/info","ua":"Mozilla/5.0 (X11; Linux x86_64) AppleWebKit/537.36 (KHTML, like Gecko) Chrome/81.0.4044.138 Safari/537.36"}}--[2020-06-06 18:12:16]
[info]--{"name":"req_start","desc":"","data":{"method":"GET","url":"/api/blog/list?username=zhangsan","ua":"Mozilla/5.0 (X11; Linux x86_64) AppleWebKit/537.36 (KHTML, like Gecko) Chrome/81.0.4044.138 Safari/537.36"}}--[2020-06-06 18:12:16]
